<?xml version="1.0" encoding="UTF-8"?>
<!-- Generated by org.testng.reporters.JUnitReportReporter -->
<testsuite hostname="LIN24008133" failures="0" tests="3" name="CucumberOptions.TestNGRunner" time="0.119" errors="0" timestamp="2024-06-19T08:09:39 IST" skipped="0">
  <testcase classname="CucumberOptions.TestNGRunner" name="runScenario" time="0.003"/>
  <testcase classname="CucumberOptions.TestNGRunner" name="runScenario" time="0.112"/>
  <testcase classname="CucumberOptions.TestNGRunner" name="runScenario" time="0.004"/>
</testsuite> <!-- CucumberOptions.TestNGRunner -->
